22:11:59 Worker 03bd48dc32ba4d9c864cf02053215826: started with PID 64957, version 2.5.0
22:11:59 Worker 03bd48dc32ba4d9c864cf02053215826: subscribing to channel rq:pubsub:03bd48dc32ba4d9c864cf02053215826
22:11:59 *** Listening on default...
22:11:59 Worker 03bd48dc32ba4d9c864cf02053215826: cleaning registries for queue: default
22:14:11 default: school_management.students_grades.tasks.update_all_rankings_async(12) (be86057d-d927-4182-b99b-8fb78dd8b635)
开始优化版异步更新完整排名，考试ID: 12
正在处理年级: 初三
  获取到 787 个学生的总分数据
  总分排名计算完成
Found 6 subjects to process: ['语文', '数学', '英语', '政治', '历史', '物理']
  需要处理 6 个科目的排名: ['语文', '数学', '英语', '政治', '历史', '物理']
  正在计算班级排名...
  科目排名计算完成
  开始批量更新排名...
    批量更新第 1-500 条记录...
    批量更新第 501-1000 条记录...
    批量更新第 1001-1500 条记录...
    批量更新第 1501-2000 条记录...
    批量更新第 2001-2500 条记录...
    批量更新第 2501-3000 条记录...
    批量更新第 3001-3500 条记录...
    批量更新第 3501-4000 条记录...
    批量更新第 4001-4500 条记录...
    批量更新最后 216 条记录...
排名更新完成！年级: 初三, 共更新 4716 条记录，耗时 1.91 秒
年级 初三 处理完成，耗时 1.91 秒，更新 4716 条记录
优化版排名更新完成！共更新 4716 条记录，耗时 1.93 秒
22:14:13 Successfully completed school_management.students_grades.tasks.update_all_rankings_async(12) job in 0:00:01.926859s on worker 03bd48dc32ba4d9c864cf02053215826
22:14:13 default: Job OK (be86057d-d927-4182-b99b-8fb78dd8b635)
22:14:13 Result is kept for 500 seconds
